<?xml version="1.0"?>
<component name="org.nuxeo.ecm.core.versioning.test.document-type" version="1.0">

  <extension target="org.nuxeo.ecm.core.schema.TypeService" point="doctype">

    <facet name="Note2Facet" />

    <doctype name="Note2" extends="Document">
      <schema name="common"/>
      <schema name="uid"/>
      <schema name="dublincore"/>
      <facet name="Versionable"/>
      <facet name="Publishable"/>
      <facet name="Commentable"/>
      <facet name="HasRelatedText"/>
      <facet name="Note2Facet" />
    </doctype>

  </extension>

</component>
